0 info it worked if it ends with ok
1 verbose cli [ '/usr/bin/nodejs',
1 verbose cli   '/usr/bin/npm',
1 verbose cli   'install',
1 verbose cli   'collection2-core' ]
2 info using npm@3.5.2
3 info using node@v4.2.6
4 silly loadCurrentTree Starting
5 silly install loadCurrentTree
6 silly install readLocalPackageData
7 silly fetchPackageMetaData collection2-core
8 silly fetchNamedPackageData collection2-core
9 silly mapToRegistry name collection2-core
10 silly mapToRegistry using default registry
11 silly mapToRegistry registry https://registry.npmjs.org/
12 silly mapToRegistry uri https://registry.npmjs.org/collection2-core
13 verbose request uri https://registry.npmjs.org/collection2-core
14 verbose request no auth needed
15 info attempt registry request try #1 at 8:34:44 PM
16 verbose request id 170bf3d7c8464dc2
17 http request GET https://registry.npmjs.org/collection2-core
18 info retry will retry, error on last attempt: Error: getaddrinfo EAI_AGAIN registry.npmjs.org:443
19 info attempt registry request try #2 at 8:35:34 PM
20 http request GET https://registry.npmjs.org/collection2-core
21 http 404 https://registry.npmjs.org/collection2-core
22 verbose headers { 'content-type': 'application/json',
22 verbose headers   'cache-control': 'max-age=0',
22 verbose headers   'content-length': '2',
22 verbose headers   'accept-ranges': 'bytes',
22 verbose headers   date: 'Wed, 20 Dec 2017 18:35:45 GMT',
22 verbose headers   via: '1.1 varnish',
22 verbose headers   connection: 'keep-alive',
22 verbose headers   'x-served-by': 'cache-hhn1529-HHN',
22 verbose headers   'x-cache': 'MISS',
22 verbose headers   'x-cache-hits': '0',
22 verbose headers   'x-timer': 'S1513794944.242845,VS0,VE1417',
22 verbose headers   vary: 'Accept-Encoding' }
23 silly get cb [ 404,
23 silly get   { 'content-type': 'application/json',
23 silly get     'cache-control': 'max-age=0',
23 silly get     'content-length': '2',
23 silly get     'accept-ranges': 'bytes',
23 silly get     date: 'Wed, 20 Dec 2017 18:35:45 GMT',
23 silly get     via: '1.1 varnish',
23 silly get     connection: 'keep-alive',
23 silly get     'x-served-by': 'cache-hhn1529-HHN',
23 silly get     'x-cache': 'MISS',
23 silly get     'x-cache-hits': '0',
23 silly get     'x-timer': 'S1513794944.242845,VS0,VE1417',
23 silly get     vary: 'Accept-Encoding' } ]
24 silly fetchPackageMetaData Error: Registry returned 404 for GET on https://registry.npmjs.org/collection2-core
24 silly fetchPackageMetaData     at makeError (/usr/share/npm/node_modules/npm-registry-client/lib/request.js:264:12)
24 silly fetchPackageMetaData     at CachingRegistryClient.<anonymous> (/usr/share/npm/node_modules/npm-registry-client/lib/request.js:242:14)
24 silly fetchPackageMetaData     at Request._callback (/usr/share/npm/node_modules/npm-registry-client/lib/request.js:172:14)
24 silly fetchPackageMetaData     at Request.self.callback (/usr/share/npm/node_modules/request/request.js:198:22)
24 silly fetchPackageMetaData     at emitTwo (events.js:87:13)
24 silly fetchPackageMetaData     at Request.emit (events.js:172:7)
24 silly fetchPackageMetaData     at Request.<anonymous> (/usr/share/npm/node_modules/request/request.js:1082:10)
24 silly fetchPackageMetaData     at emitOne (events.js:82:20)
24 silly fetchPackageMetaData     at Request.emit (events.js:169:7)
24 silly fetchPackageMetaData     at IncomingMessage.<anonymous> (/usr/share/npm/node_modules/request/request.js:1009:12)
24 silly fetchPackageMetaData  error for collection2-core { [Error: Registry returned 404 for GET on https://registry.npmjs.org/collection2-core] pkgid: 'collection2-core', statusCode: 404, code: 'E404' }
25 silly rollbackFailedOptional Starting
26 silly rollbackFailedOptional Finishing
27 silly runTopLevelLifecycles Starting
28 silly runTopLevelLifecycles Finishing
29 silly install printInstalled
30 verbose stack Error: Registry returned 404 for GET on https://registry.npmjs.org/collection2-core
30 verbose stack     at makeError (/usr/share/npm/node_modules/npm-registry-client/lib/request.js:264:12)
30 verbose stack     at CachingRegistryClient.<anonymous> (/usr/share/npm/node_modules/npm-registry-client/lib/request.js:242:14)
30 verbose stack     at Request._callback (/usr/share/npm/node_modules/npm-registry-client/lib/request.js:172:14)
30 verbose stack     at Request.self.callback (/usr/share/npm/node_modules/request/request.js:198:22)
30 verbose stack     at emitTwo (events.js:87:13)
30 verbose stack     at Request.emit (events.js:172:7)
30 verbose stack     at Request.<anonymous> (/usr/share/npm/node_modules/request/request.js:1082:10)
30 verbose stack     at emitOne (events.js:82:20)
30 verbose stack     at Request.emit (events.js:169:7)
30 verbose stack     at IncomingMessage.<anonymous> (/usr/share/npm/node_modules/request/request.js:1009:12)
31 verbose statusCode 404
32 verbose pkgid collection2-core
33 verbose cwd /home/bogdanast1/ccProject
34 error Linux 4.10.0-42-generic
35 error argv "/usr/bin/nodejs" "/usr/bin/npm" "install" "collection2-core"
36 error node v4.2.6
37 error npm  v3.5.2
38 error code E404
39 error 404 Registry returned 404 for GET on https://registry.npmjs.org/collection2-core
40 error 404
41 error 404 'collection2-core' is not in the npm registry.
42 error 404 You should bug the author to publish it (or use the name yourself!)
43 error 404 Note that you can also install from a
44 error 404 tarball, folder, http url, or git url.
45 verbose exit [ 1, true ]
